<?xml version="1.0" encoding="UTF-8"?>
<!-- Generated by org.testng.reporters.JUnitXMLReporter -->
<testsuite ignored="2" hostname="Admin" failures="0" tests="2" name="Test" time="299.738" errors="0" timestamp="26 Feb 2023 06:16:01 GMT">
  <testcase classname="com.qdms.high.testcases.PlantMultiSearch" name="plantMultiSearch" time="101.324"/>
  <testcase classname="com.qdms.high.testcases.EmployeeMultiSearch" name="employeeMultiearch" time="198.378"/>
  <testcase classname="com.qdms.high.base.DriverIntialization" name="@BeforeSuite main" time="0.0">
    <ignored/>
  </testcase> <!-- @BeforeSuite main -->
  <testcase classname="com.qdms.high.base.DriverIntialization" name="@AfterSuite closeChrome" time="0.0">
    <ignored/>
  </testcase> <!-- @AfterSuite closeChrome -->
</testsuite> <!-- Test -->
